Unity Editor version:    2021.3.16f1 (4016570cf34f)
Branch:                  2021.3/staging
Build type:              Release
Batch mode:              YES
macOS version:           Version 13.1 (Build 22C65)
Darwin version:          22.2.0
Architecture:            arm64
Running under Rosetta:   NO
Available memory:        32768 MB
Using pre-set license
Pro License: YES

COMMAND LINE ARGUMENTS:
/Applications/Unity/Hub/Editor/2021.3.16f1/Unity.app/Contents/MacOS/Unity
-adb2
-batchMode
-noUpm
-name
AssetImportWorker0
-projectPath
/Users/vikashmediboina/XRIProject/XRProject
-logFile
Logs/AssetImportWorker0.log
-srvPort
54000
Successfully changed project path to: /Users/vikashmediboina/XRIProject/XRProject
/Users/vikashmediboina/XRIProject/XRProject
[UnityMemory] Configuration Parameters - Can be set up in boot.config
    "memorysetup-bucket-allocator-granularity=16"
    "memorysetup-bucket-allocator-bucket-count=8"
    "memorysetup-bucket-allocator-block-size=33554432"
    "memorysetup-bucket-allocator-block-count=8"
    "memorysetup-main-allocator-block-size=16777216"
    "memorysetup-thread-allocator-block-size=16777216"
    "memorysetup-gfx-main-allocator-block-size=16777216"
    "memorysetup-gfx-thread-allocator-block-size=16777216"
    "memorysetup-cache-allocator-block-size=4194304"
    "memorysetup-typetree-allocator-block-size=2097152"
    "memorysetup-profiler-bucket-allocator-granularity=16"
    "memorysetup-profiler-bucket-allocator-bucket-count=8"
    "memorysetup-profiler-bucket-allocator-block-size=33554432"
    "memorysetup-profiler-bucket-allocator-block-count=8"
    "memorysetup-profiler-allocator-block-size=16777216"
    "memorysetup-profiler-editor-allocator-block-size=1048576"
    "memorysetup-temp-allocator-size-main=16777216"
    "memorysetup-job-temp-allocator-block-size=2097152"
    "memorysetup-job-temp-allocator-block-size-background=1048576"
    "memorysetup-job-temp-allocator-reduction-small-platforms=262144"
    "memorysetup-temp-allocator-size-background-worker=32768"
    "memorysetup-temp-allocator-size-job-worker=262144"
    "memorysetup-temp-allocator-size-preload-manager=33554432"
    "memorysetup-temp-allocator-size-nav-mesh-worker=65536"
    "memorysetup-temp-allocator-size-audio-worker=65536"
    "memorysetup-temp-allocator-size-cloud-worker=32768"
    "memorysetup-temp-allocator-size-gi-baking-worker=262144"
    "memorysetup-temp-allocator-size-gfx=262144"
Player connection [8831187584] Host "[IP] 10.0.0.172 [Port] 0 [Flags] 2 [Guid] 768990674 [EditorId] 768990674 [Version] 1048832 [Id] OSXEditor(0,vikashs-MacBook-Pro.local) [Debug] 1 [PackageName] OSXEditor [ProjectName] Editor" joined multi-casting on [225.0.0.222:54997]...

Player connection [8831187584] Host "[IP] 10.0.0.172 [Port] 0 [Flags] 2 [Guid] 768990674 [EditorId] 768990674 [Version] 1048832 [Id] OSXEditor(0,vikashs-MacBook-Pro.local) [Debug] 1 [PackageName] OSXEditor [ProjectName] Editor" joined alternative multi-casting on [225.0.0.222:34997]...

Refreshing native plugins compatible for Editor in 107.68 ms, found 4 plugins.
Preloading 1 native plugins for Editor in 0.20 ms.
Initialize engine version: 2021.3.16f1 (4016570cf34f)
[Subsystems] Discovering subsystems at path /Applications/Unity/Hub/Editor/2021.3.16f1/Unity.app/Contents/Resources/UnitySubsystems
[Subsystems] Discovering subsystems at path /Users/vikashmediboina/XRIProject/XRProject/Assets
GfxDevice: creating device client; threaded=0; jobified=0
 preferred device: Apple M1 Max (high power)
Metal devices available: 1
0: Apple M1 Max (high power)
Using device Apple M1 Max (high power)
Initializing Metal device caps: Apple M1 Max
Shader 'Oculus/OVRMRCameraFrameLit': fallback shader 'Alpha-Diffuse' not found
Initialize mono
Mono path[0] = '/Applications/Unity/Hub/Editor/2021.3.16f1/Unity.app/Contents/Managed'
Mono path[1] = '/Applications/Unity/Hub/Editor/2021.3.16f1/Unity.app/Contents/MonoBleedingEdge/lib/mono/unityjit-macos'
Mono config path = '/Applications/Unity/Hub/Editor/2021.3.16f1/Unity.app/Contents/MonoBleedingEdge/etc'
Using monoOptions --debugger-agent=transport=dt_socket,embedding=1,server=y,suspend=n,address=127.0.0.1:56398
Begin MonoManager ReloadAssembly
Registering precompiled unity dll's ...
Register platform support module: /Applications/Unity/Hub/Editor/2021.3.16f1/PlaybackEngines/WebGLSupport/UnityEditor.WebGL.Extensions.dll
Register platform support module: /Applications/Unity/Hub/Editor/2021.3.16f1/Unity.app/Contents/PlaybackEngines/MacStandaloneSupport/UnityEditor.OSXStandalone.Extensions.dll
Register platform support module: /Applications/Unity/Hub/Editor/2021.3.16f1/PlaybackEngines/AndroidPlayer/UnityEditor.Android.Extensions.dll
Register platform support module: /Applications/Unity/Hub/Editor/2021.3.16f1/PlaybackEngines/iOSSupport/UnityEditor.iOS.Extensions.dll
Registered in 0.001883 seconds.
[usbmuxd] Start listen thread
[usbmuxd] Listen thread started
[usbmuxd] Send listen message
Native extension for iOS target not found
Native extension for Android target not found
Native extension for OSXStandalone target not found
Native extension for WebGL target not found
Refreshing native plugins compatible for Editor in 101.32 ms, found 4 plugins.
Preloading 1 native plugins for Editor in 0.16 ms.
Mono: successfully reloaded assembly
- Completed reload, in  0.522 seconds
Domain Reload Profiling:
	ReloadAssembly (522ms)
		BeginReloadAssembly (68ms)
			ExecutionOrderSort (0ms)
			DisableScriptedObjects (0ms)
			BackupInstance (0ms)
			ReleaseScriptingObjects (0ms)
			CreateAndSetChildDomain (0ms)
		EndReloadAssembly (382ms)
			LoadAssemblies (69ms)
			RebuildTransferFunctionScriptingTraits (0ms)
			SetupTypeCache (72ms)
			ReleaseScriptCaches (0ms)
			RebuildScriptCaches (20ms)
			SetupLoadedEditorAssemblies (259ms)
				LogAssemblyErrors (0ms)
				InitializePlatformSupportModulesInManaged (79ms)
				SetLoadedEditorAssemblies (0ms)
				RefreshPlugins (101ms)
				BeforeProcessingInitializeOnLoad (1ms)
				ProcessInitializeOnLoadAttributes (52ms)
				ProcessInitializeOnLoadMethodAttributes (26ms)
				AfterProcessingInitializeOnLoad (0ms)
				EditorAssembliesLoaded (0ms)
			ExecutionOrderSort2 (0ms)
			AwakeInstancesAfterBackupRestoration (0ms)
Platform modules already initialized, skipping
Registering precompiled user dll's ...
Registered in 0.006837 seconds.
Begin MonoManager ReloadAssembly
Symbol file LoadedFromMemory doesn't match image /Users/vikashmediboina/XRIProject/XRProject/Library/PackageCache/com.unity.visualscripting@1.7.8/Editor/VisualScripting.Core/Dependencies/DotNetZip/Unity.VisualScripting.IonicZip.dll
Symbol file LoadedFromMemory doesn't match image /Users/vikashmediboina/XRIProject/XRProject/Library/PackageCache/com.unity.visualscripting@1.7.8/Editor/VisualScripting.Core/Dependencies/YamlDotNet/Unity.VisualScripting.YamlDotNet.dll
OnLevelWasLoaded was found on WitService
This message has been deprecated and will be removed in a later version of Unity.
Add a delegate to SceneManager.sceneLoaded instead to get notifications after scene loading has completed
Native extension for iOS target not found
Native extension for Android target not found
Native extension for OSXStandalone target not found
Native extension for WebGL target not found
Refreshing native plugins compatible for Editor in 0.80 ms, found 4 plugins.
Preloading 1 native plugins for Editor in 0.12 ms.
Package Manager log level set to [2]
Mono: successfully reloaded assembly
- Completed reload, in  0.899 seconds
Domain Reload Profiling:
	ReloadAssembly (899ms)
		BeginReloadAssembly (160ms)
			ExecutionOrderSort (0ms)
			DisableScriptedObjects (4ms)
			BackupInstance (0ms)
			ReleaseScriptingObjects (0ms)
			CreateAndSetChildDomain (121ms)
		EndReloadAssembly (670ms)
			LoadAssemblies (60ms)
			RebuildTransferFunctionScriptingTraits (0ms)
			SetupTypeCache (206ms)
			ReleaseScriptCaches (4ms)
			RebuildScriptCaches (61ms)
			SetupLoadedEditorAssemblies (306ms)
				LogAssemblyErrors (0ms)
				InitializePlatformSupportModulesInManaged (17ms)
				SetLoadedEditorAssemblies (0ms)
				RefreshPlugins (1ms)
				BeforeProcessingInitializeOnLoad (64ms)
				ProcessInitializeOnLoadAttributes (210ms)
				ProcessInitializeOnLoadMethodAttributes (12ms)
				AfterProcessingInitializeOnLoad (1ms)
				EditorAssembliesLoaded (0ms)
			ExecutionOrderSort2 (0ms)
			AwakeInstancesAfterBackupRestoration (2ms)
Platform modules already initialized, skipping
========================================================================
Worker process is ready to serve import requests
Shader 'Oculus/OVRMRCameraFrameLit': fallback shader 'Alpha-Diffuse' not found
Launching external process: /Applications/Unity/Hub/Editor/2021.3.16f1/Unity.app/Contents/Tools/UnityShaderCompiler
Launched and connected shader compiler UnityShaderCompiler after 0.05 seconds
Refreshing native plugins compatible for Editor in 0.80 ms, found 4 plugins.
Preloading 1 native plugins for Editor in 0.15 ms.
Unloading 5077 Unused Serialized files (Serialized files now loaded: 0)
Unloading 66 unused Assets / (159.2 KB). Loaded Objects now: 5508.
Memory consumption went from 178.4 MB to 178.3 MB.
Total: 2.893166 ms (FindLiveObjects: 0.198250 ms CreateObjectMapping: 0.118500 ms MarkObjects: 2.445458 ms  DeleteObjects: 0.130167 ms)

AssetImportParameters requested are different than current active one (requested -> active):
  custom:video-decoder-ogg-theora: a1e56fd34408186e4bbccfd4996cb3dc -> 
  custom:container-muxer-webm: aa71ff27fc2769a1b78a27578f13a17b -> 
  custom:container-demuxer-webm: 4f35f7cbe854078d1ac9338744f61a02 -> 
  custom:video-encoder-webm-vp8: eb34c28f22e8b96e1ab97ce403110664 -> 
  custom:framework-osx-AVFoundation: e770b220cccbd017edd2c1fefb359320 -> 
  custom:audio-encoder-webm-vorbis: bf7c407c2cedff20999df2af8eb42d56 -> 
  custom:container-demuxer-ogg: 62fdf1f143b41e24485cea50d1cbac27 -> 
  custom:video-decoder-webm-vp8: 9c59270c3fd7afecdb556c50c9e8de78 -> 
  custom:audio-decoder-ogg-vorbis: bf7c407c2cedff20999df2af8eb42d56 -> 
========================================================================
Received Import Request.
  Time since last request: 1154221.483458 seconds.
  path: Assets/Scripts/AlwaysLookAt.cs
  artifactKey: Guid(3fca120a73c614a5694ffdf7e75a210b) Importer(815301076,1909f56bfc062723c751e8b465ee728b)
Start importing Assets/Scripts/AlwaysLookAt.cs using Guid(3fca120a73c614a5694ffdf7e75a210b) Importer(815301076,1909f56bfc062723c751e8b465ee728b)  -> (artifact id: '1e3416ef31e91884462fccc3a48eac33') in 0.177785 seconds 
========================================================================
Received Import Request.
  Time since last request: 11.513347 seconds.
  path: Assets/Scripts/ArangeElements.cs
  artifactKey: Guid(dee3ec8a7384b4c23bffdea4ca52bd09) Importer(815301076,1909f56bfc062723c751e8b465ee728b)
Start importing Assets/Scripts/ArangeElements.cs using Guid(dee3ec8a7384b4c23bffdea4ca52bd09) Importer(815301076,1909f56bfc062723c751e8b465ee728b)  -> (artifact id: '034c4d700a61164c1c2a75ba2bd842a7') in 0.001734 seconds 
========================================================================
Received Import Request.
  Time since last request: 6.858333 seconds.
  path: Assets/Scripts/ButtonClick.cs
  artifactKey: Guid(0b9289080a93445c7a9a613dca195705) Importer(815301076,1909f56bfc062723c751e8b465ee728b)
Start importing Assets/Scripts/ButtonClick.cs using Guid(0b9289080a93445c7a9a613dca195705) Importer(815301076,1909f56bfc062723c751e8b465ee728b)  -> (artifact id: '7a8af827ecdb05834a9854500b76ea75') in 0.000673 seconds 
========================================================================
Received Import Request.
  Time since last request: 3.409876 seconds.
  path: Assets/Scripts/changeReferenceText.cs
  artifactKey: Guid(807c38153604f4b2e951fe6bb493e420) Importer(815301076,1909f56bfc062723c751e8b465ee728b)
Start importing Assets/Scripts/changeReferenceText.cs using Guid(807c38153604f4b2e951fe6bb493e420) Importer(815301076,1909f56bfc062723c751e8b465ee728b)  -> (artifact id: '2b2f69f3de8288086d907dd614cc8459') in 0.000632 seconds 
========================================================================
Received Import Request.
  Time since last request: 17.431286 seconds.
  path: Assets/Scripts/ChangeText.cs
  artifactKey: Guid(d8ed9c967b44f4641b01ad38c189b024) Importer(815301076,1909f56bfc062723c751e8b465ee728b)
Start importing Assets/Scripts/ChangeText.cs using Guid(d8ed9c967b44f4641b01ad38c189b024) Importer(815301076,1909f56bfc062723c751e8b465ee728b)  -> (artifact id: '6e5762e80a00ad0bb032ff3b3ff0f7df') in 0.000643 seconds 
========================================================================
Received Import Request.
  Time since last request: 5.592782 seconds.
  path: Assets/Scripts/DontDestroyOnLoadScript.cs
  artifactKey: Guid(0c42979a7141b4fc0abee9f6cecc0639) Importer(815301076,1909f56bfc062723c751e8b465ee728b)
Start importing Assets/Scripts/DontDestroyOnLoadScript.cs using Guid(0c42979a7141b4fc0abee9f6cecc0639) Importer(815301076,1909f56bfc062723c751e8b465ee728b)  -> (artifact id: '437e8c6e268667b13b940b2fc9436ce7') in 0.000648 seconds 
========================================================================
Received Import Request.
  Time since last request: 4.179273 seconds.
  path: Assets/Scripts/EnableInteractable.cs
  artifactKey: Guid(082695c43b4c143ed8a0f4f07d32aad2) Importer(815301076,1909f56bfc062723c751e8b465ee728b)
Start importing Assets/Scripts/EnableInteractable.cs using Guid(082695c43b4c143ed8a0f4f07d32aad2) Importer(815301076,1909f56bfc062723c751e8b465ee728b)  -> (artifact id: '4c6e4264b4bfa08d7771ad4c3d8ea85e') in 0.000743 seconds 
========================================================================
Received Import Request.
  Time since last request: 7.753140 seconds.
  path: Assets/Scripts/EndButton.cs
  artifactKey: Guid(aca9eea45c061e54e8822b0836e10061) Importer(815301076,1909f56bfc062723c751e8b465ee728b)
Start importing Assets/Scripts/EndButton.cs using Guid(aca9eea45c061e54e8822b0836e10061) Importer(815301076,1909f56bfc062723c751e8b465ee728b)  -> (artifact id: '90a1eb59456f7675417e5c4f4f04965f') in 0.000753 seconds 
========================================================================
Received Import Request.
  Time since last request: 779.875163 seconds.
  path: Assets/Scripts/HandDetector.cs
  artifactKey: Guid(0ef27c815f1124b14970be9009e5f115) Importer(815301076,1909f56bfc062723c751e8b465ee728b)
Start importing Assets/Scripts/HandDetector.cs using Guid(0ef27c815f1124b14970be9009e5f115) Importer(815301076,1909f56bfc062723c751e8b465ee728b)  -> (artifact id: '26990089a3b50494178b88093cd4eae5') in 0.003298 seconds 
========================================================================
Received Import Request.
  Time since last request: 5.015374 seconds.
  path: Assets/Scripts/IntroButton.cs
  artifactKey: Guid(6bc10b1bc6816b84a8cc93c3abc1fb02) Importer(815301076,1909f56bfc062723c751e8b465ee728b)
Start importing Assets/Scripts/IntroButton.cs using Guid(6bc10b1bc6816b84a8cc93c3abc1fb02) Importer(815301076,1909f56bfc062723c751e8b465ee728b)  -> (artifact id: '59c4dc361223347c9334cda155a6c1ec') in 0.001332 seconds 
========================================================================
Received Import Request.
  Time since last request: 4.201186 seconds.
  path: Assets/Scripts/KeyboardChoice.cs
  artifactKey: Guid(62d46b082d3633f4db60854c7af2bbbc) Importer(815301076,1909f56bfc062723c751e8b465ee728b)
Start importing Assets/Scripts/KeyboardChoice.cs using Guid(62d46b082d3633f4db60854c7af2bbbc) Importer(815301076,1909f56bfc062723c751e8b465ee728b)  -> (artifact id: '7a0731d1c1088c650694799e6e9ed760') in 0.000946 seconds 
========================================================================
Received Import Request.
  Time since last request: 5.391515 seconds.
  path: Assets/Scripts/NewText.cs
  artifactKey: Guid(d1fdeeb5692244ed0aa697c4a0fb60cc) Importer(815301076,1909f56bfc062723c751e8b465ee728b)
Start importing Assets/Scripts/NewText.cs using Guid(d1fdeeb5692244ed0aa697c4a0fb60cc) Importer(815301076,1909f56bfc062723c751e8b465ee728b)  -> (artifact id: '3cb0d267df5be0e2c5b05a82652bbf39') in 0.001264 seconds 
========================================================================
Received Import Request.
  Time since last request: 5.653150 seconds.
  path: Assets/Scripts/QwertyKeyoboard.cs
  artifactKey: Guid(b1bcbd6bb8b1e6b419e2ebc9e9d5a913) Importer(815301076,1909f56bfc062723c751e8b465ee728b)
Start importing Assets/Scripts/QwertyKeyoboard.cs using Guid(b1bcbd6bb8b1e6b419e2ebc9e9d5a913) Importer(815301076,1909f56bfc062723c751e8b465ee728b)  -> (artifact id: '831ebcfb236eabc8e72445e03e49f5d7') in 0.001042 seconds 
========================================================================
Received Import Request.
  Time since last request: 1.207851 seconds.
  path: Assets/Scripts/RotateObject.cs
  artifactKey: Guid(6c8f8cdbeb4854417b0190215036a5ce) Importer(815301076,1909f56bfc062723c751e8b465ee728b)
Start importing Assets/Scripts/RotateObject.cs using Guid(6c8f8cdbeb4854417b0190215036a5ce) Importer(815301076,1909f56bfc062723c751e8b465ee728b)  -> (artifact id: 'b2b205c5846e116bcb994967811b28a1') in 0.001213 seconds 
========================================================================
Received Import Request.
  Time since last request: 6.441069 seconds.
  path: Assets/Scripts/SceneSelector.cs
  artifactKey: Guid(6179f36bbe59548abbc884cbed0131f5) Importer(815301076,1909f56bfc062723c751e8b465ee728b)
Start importing Assets/Scripts/SceneSelector.cs using Guid(6179f36bbe59548abbc884cbed0131f5) Importer(815301076,1909f56bfc062723c751e8b465ee728b)  -> (artifact id: 'fdb693c61562e3eb018729edaa3c4f23') in 0.000909 seconds 
========================================================================
Received Import Request.
  Time since last request: 62.896216 seconds.
  path: Assets/Scripts/BluetoothPermissionScript.cs
  artifactKey: Guid(35cad856588bc44e9ae7e9d38cbb1b7d) Importer(815301076,1909f56bfc062723c751e8b465ee728b)
Start importing Assets/Scripts/BluetoothPermissionScript.cs using Guid(35cad856588bc44e9ae7e9d38cbb1b7d) Importer(815301076,1909f56bfc062723c751e8b465ee728b)  -> (artifact id: '040c6e76c9aed5f1e171f9dcfaaec985') in 0.001343 seconds 
========================================================================
Received Import Request.
  Time since last request: 667.454820 seconds.
  path: Assets/Scenes/SceneManagment.unity
  artifactKey: Guid(4215a9c38cc554f45a98443a01e9bb59) Importer(815301076,1909f56bfc062723c751e8b465ee728b)
Start importing Assets/Scenes/SceneManagment.unity using Guid(4215a9c38cc554f45a98443a01e9bb59) Importer(815301076,1909f56bfc062723c751e8b465ee728b)  -> (artifact id: '4bbf129143e2d8264037f5d3ebb365ed') in 0.001160 seconds 
========================================================================
Received Import Request.
  Time since last request: 5.030998 seconds.
  path: Assets/Scenes/QwertyScenePoke.unity
  artifactKey: Guid(e487fd038a7c0411499a6c4d391f89e9) Importer(815301076,1909f56bfc062723c751e8b465ee728b)
Start importing Assets/Scenes/QwertyScenePoke.unity using Guid(e487fd038a7c0411499a6c4d391f89e9) Importer(815301076,1909f56bfc062723c751e8b465ee728b)  -> (artifact id: 'fffa401e52ddb3cd72193045bc70c669') in 0.000898 seconds 
========================================================================
Received Import Request.
  Time since last request: 159.787828 seconds.
  path: Assets/Scripts/EndNumpad.cs
  artifactKey: Guid(ec21fadf19b13462bae67fda19af8847) Importer(815301076,1909f56bfc062723c751e8b465ee728b)
Start importing Assets/Scripts/EndNumpad.cs using Guid(ec21fadf19b13462bae67fda19af8847) Importer(815301076,1909f56bfc062723c751e8b465ee728b)  -> (artifact id: 'd3e363dda2a00d3ad3d48dc4788c9e1d') in 0.001064 seconds 
========================================================================
Received Import Request.
  Time since last request: 4923.772302 seconds.
  path: Assets/Scripts/SceneNumpad.cs
  artifactKey: Guid(49fc52fb07eb9e041b897cc0d932cb89) Importer(815301076,1909f56bfc062723c751e8b465ee728b)
Start importing Assets/Scripts/SceneNumpad.cs using Guid(49fc52fb07eb9e041b897cc0d932cb89) Importer(815301076,1909f56bfc062723c751e8b465ee728b)  -> (artifact id: '54570ecd9f3af822e34d7ff62662166c') in 0.007956 seconds 
========================================================================
Received Import Request.
  Time since last request: 13.991701 seconds.
  path: Assets/Scripts/IntroNumpad.cs
  artifactKey: Guid(5db35223680a9904cb5bbeb2cb7e43a2) Importer(815301076,1909f56bfc062723c751e8b465ee728b)
Start importing Assets/Scripts/IntroNumpad.cs using Guid(5db35223680a9904cb5bbeb2cb7e43a2) Importer(815301076,1909f56bfc062723c751e8b465ee728b)  -> (artifact id: '9951d82059e8df667337dede2e777e94') in 0.001868 seconds 
========================================================================
Received Import Request.
  Time since last request: 3.031371 seconds.
  path: Assets/Scripts/SaveSurvey.cs
  artifactKey: Guid(b3dec91dc54954bc8892acc45fb7de36) Importer(815301076,1909f56bfc062723c751e8b465ee728b)
Start importing Assets/Scripts/SaveSurvey.cs using Guid(b3dec91dc54954bc8892acc45fb7de36) Importer(815301076,1909f56bfc062723c751e8b465ee728b)  -> (artifact id: 'c9a71364e884414871f1efc65bfb034f') in 0.001671 seconds 
========================================================================
Received Import Request.
  Time since last request: 2.013090 seconds.
  path: Assets/Scripts/SubmitQuery.cs
  artifactKey: Guid(e19ee1341d1a741c6969b598390ceb5e) Importer(815301076,1909f56bfc062723c751e8b465ee728b)
Start importing Assets/Scripts/SubmitQuery.cs using Guid(e19ee1341d1a741c6969b598390ceb5e) Importer(815301076,1909f56bfc062723c751e8b465ee728b)  -> (artifact id: '81c206970e3d58f2632b1dc2ec15c334') in 0.001215 seconds 
